<?xml version="1.0" encoding="UTF-8"?>
<!-- Generated by org.testng.reporters.JUnitReportReporter -->
<testsuite skipped="0" hostname="GGKU5DELL1002" name="Maven.TestNG.AppTest" tests="1" failures="0" timestamp="26 Dec 2019 07:03:43 GMT" time="0.004" errors="0">
  <testcase name="shouldAnswerWithTrue" time="0.004" classname="Maven.TestNG.AppTest"/>
</testsuite> <!-- Maven.TestNG.AppTest -->
